Using pre-set license
Built from '2021.3/staging' branch; Version is '2021.3.23f1 (213b516bf396) revision 2177873'; Using compiler version '192829333'; Build Type 'Release'
OS: 'Windows 11  (10.0.22621) 64bit CoreSingleLanguage' Language: 'ru' Physical Memory: 15713 MB
BatchMode: 1, IsHumanControllingUs: 0, StartBugReporterOnCrash: 0, Is64bit: 1, IsPro: 1

COMMAND LINE ARGUMENTS:
C:\Program Files\Unity\Hub\Editor\2021.3.23f1\Editor\Unity.exe
-adb2
-batchMode
-noUpm
-name
AssetImportWorker0
-projectPath
C:/Users/krasi/OneDrive/Документы/GitHub/UnityLabs/ClickerLab
-logFile
Logs/AssetImportWorker0.log
-srvPort
59321
Successfully changed project path to: C:/Users/krasi/OneDrive/Документы/GitHub/UnityLabs/ClickerLab
C:/Users/krasi/OneDrive/Документы/GitHub/UnityLabs/ClickerLab
[UnityMemory] Configuration Parameters - Can be set up in boot.config
    "memorysetup-bucket-allocator-granularity=16"
    "memorysetup-bucket-allocator-bucket-count=8"
    "memorysetup-bucket-allocator-block-size=33554432"
    "memorysetup-bucket-allocator-block-count=8"
    "memorysetup-main-allocator-block-size=16777216"
    "memorysetup-thread-allocator-block-size=16777216"
    "memorysetup-gfx-main-allocator-block-size=16777216"
    "memorysetup-gfx-thread-allocator-block-size=16777216"
    "memorysetup-cache-allocator-block-size=4194304"
    "memorysetup-typetree-allocator-block-size=2097152"
    "memorysetup-profiler-bucket-allocator-granularity=16"
    "memorysetup-profiler-bucket-allocator-bucket-count=8"
    "memorysetup-profiler-bucket-allocator-block-size=33554432"
    "memorysetup-profiler-bucket-allocator-block-count=8"
    "memorysetup-profiler-allocator-block-size=16777216"
    "memorysetup-profiler-editor-allocator-block-size=1048576"
    "memorysetup-temp-allocator-size-main=16777216"
    "memorysetup-job-temp-allocator-block-size=2097152"
    "memorysetup-job-temp-allocator-block-size-background=1048576"
    "memorysetup-job-temp-allocator-reduction-small-platforms=262144"
    "memorysetup-temp-allocator-size-background-worker=32768"
    "memorysetup-temp-allocator-size-job-worker=262144"
    "memorysetup-temp-allocator-size-preload-manager=33554432"
    "memorysetup-temp-allocator-size-nav-mesh-worker=65536"
    "memorysetup-temp-allocator-size-audio-worker=65536"
    "memorysetup-temp-allocator-size-cloud-worker=32768"
    "memorysetup-temp-allocator-size-gi-baking-worker=262144"
    "memorysetup-temp-allocator-size-gfx=262144"
Player connection [25276] Host "[IP] 192.168.0.7 [Port] 0 [Flags] 2 [Guid] 3993292328 [EditorId] 3993292328 [Version] 1048832 [Id] WindowsEditor(7,novutbuk) [Debug] 1 [PackageName] WindowsEditor [ProjectName] Editor" joined multi-casting on [225.0.0.222:54997]...

Player connection [25276] Host "[IP] 192.168.0.7 [Port] 0 [Flags] 2 [Guid] 3993292328 [EditorId] 3993292328 [Version] 1048832 [Id] WindowsEditor(7,novutbuk) [Debug] 1 [PackageName] WindowsEditor [ProjectName] Editor" joined alternative multi-casting on [225.0.0.222:34997]...

Refreshing native plugins compatible for Editor in 92.95 ms, found 3 plugins.
Preloading 0 native plugins for Editor in 0.00 ms.
Initialize engine version: 2021.3.23f1 (213b516bf396)
[Subsystems] Discovering subsystems at path C:/Program Files/Unity/Hub/Editor/2021.3.23f1/Editor/Data/Resources/UnitySubsystems
[Subsystems] Discovering subsystems at path C:/Users/krasi/OneDrive/Документы/GitHub/UnityLabs/ClickerLab/Assets
GfxDevice: creating device client; threaded=0; jobified=0
Direct3D:
    Version:  Direct3D 11.0 [level 11.1]
    Renderer: NVIDIA GeForce RTX 3060 Laptop GPU (ID=0x2520)
    Vendor:   NVIDIA
    VRAM:     6010 MB
    Driver:   31.0.15.4626
Initialize mono
Mono path[0] = 'C:/Program Files/Unity/Hub/Editor/2021.3.23f1/Editor/Data/Managed'
Mono path[1] = 'C:/Program Files/Unity/Hub/Editor/2021.3.23f1/Editor/Data/MonoBleedingEdge/lib/mono/unityjit-win32'
Mono config path = 'C:/Program Files/Unity/Hub/Editor/2021.3.23f1/Editor/Data/MonoBleedingEdge/etc'
Using monoOptions --debugger-agent=transport=dt_socket,embedding=1,server=y,suspend=n,address=127.0.0.1:56368
Begin MonoManager ReloadAssembly
Registering precompiled unity dll's ...
Register platform support module: C:/Program Files/Unity/Hub/Editor/2021.3.23f1/Editor/Data/PlaybackEngines/WebGLSupport/UnityEditor.WebGL.Extensions.dll
Register platform support module: C:/Program Files/Unity/Hub/Editor/2021.3.23f1/Editor/Data/PlaybackEngines/WindowsStandaloneSupport/UnityEditor.WindowsStandalone.Extensions.dll
Registered in 0.006902 seconds.
Native extension for WindowsStandalone target not found
Native extension for WebGL target not found
Refreshing native plugins compatible for Editor in 59.02 ms, found 3 plugins.
Preloading 0 native plugins for Editor in 0.00 ms.
Mono: successfully reloaded assembly
- Completed reload, in  0.590 seconds
Domain Reload Profiling:
	ReloadAssembly (591ms)
		BeginReloadAssembly (89ms)
			ExecutionOrderSort (0ms)
			DisableScriptedObjects (0ms)
			BackupInstance (0ms)
			ReleaseScriptingObjects (0ms)
			CreateAndSetChildDomain (1ms)
		EndReloadAssembly (410ms)
			LoadAssemblies (87ms)
			RebuildTransferFunctionScriptingTraits (0ms)
			SetupTypeCache (116ms)
			ReleaseScriptCaches (0ms)
			RebuildScriptCaches (24ms)
			SetupLoadedEditorAssemblies (222ms)
				LogAssemblyErrors (0ms)
				InitializePlatformSupportModulesInManaged (9ms)
				SetLoadedEditorAssemblies (0ms)
				RefreshPlugins (59ms)
				BeforeProcessingInitializeOnLoad (1ms)
				ProcessInitializeOnLoadAttributes (112ms)
				ProcessInitializeOnLoadMethodAttributes (41ms)
				AfterProcessingInitializeOnLoad (0ms)
				EditorAssembliesLoaded (0ms)
			ExecutionOrderSort2 (0ms)
			AwakeInstancesAfterBackupRestoration (0ms)
Platform modules already initialized, skipping
Registering precompiled user dll's ...
Registered in 0.005062 seconds.
Begin MonoManager ReloadAssembly
Symbol file LoadedFromMemory doesn't match image C:\Users\krasi\OneDrive\Документы\GitHub\UnityLabs\ClickerLab\Library\PackageCache\com.unity.visualscripting@1.8.0\Editor\VisualScripting.Core\Dependencies\YamlDotNet\Unity.VisualScripting.YamlDotNet.dll
Symbol file LoadedFromMemory doesn't match image C:\Users\krasi\OneDrive\Документы\GitHub\UnityLabs\ClickerLab\Library\PackageCache\com.unity.visualscripting@1.8.0\Editor\VisualScripting.Core\Dependencies\DotNetZip\Unity.VisualScripting.IonicZip.dll
Native extension for WindowsStandalone target not found
Native extension for WebGL target not found
Refreshing native plugins compatible for Editor in 0.49 ms, found 3 plugins.
Preloading 0 native plugins for Editor in 0.00 ms.
Mono: successfully reloaded assembly
- Completed reload, in  0.920 seconds
Domain Reload Profiling:
	ReloadAssembly (921ms)
		BeginReloadAssembly (118ms)
			ExecutionOrderSort (0ms)
			DisableScriptedObjects (5ms)
			BackupInstance (0ms)
			ReleaseScriptingObjects (0ms)
			CreateAndSetChildDomain (19ms)
		EndReloadAssembly (716ms)
			LoadAssemblies (82ms)
			RebuildTransferFunctionScriptingTraits (0ms)
			SetupTypeCache (268ms)
			ReleaseScriptCaches (1ms)
			RebuildScriptCaches (41ms)
			SetupLoadedEditorAssemblies (298ms)
				LogAssemblyErrors (0ms)
				InitializePlatformSupportModulesInManaged (6ms)
				SetLoadedEditorAssemblies (0ms)
				RefreshPlugins (1ms)
				BeforeProcessingInitializeOnLoad (69ms)
				ProcessInitializeOnLoadAttributes (198ms)
				ProcessInitializeOnLoadMethodAttributes (16ms)
				AfterProcessingInitializeOnLoad (8ms)
				EditorAssembliesLoaded (0ms)
			ExecutionOrderSort2 (0ms)
			AwakeInstancesAfterBackupRestoration (5ms)
Platform modules already initialized, skipping
========================================================================
Worker process is ready to serve import requests
Launched and connected shader compiler UnityShaderCompiler.exe after 0.05 seconds
Refreshing native plugins compatible for Editor in 0.68 ms, found 3 plugins.
Preloading 0 native plugins for Editor in 0.00 ms.
Unloading 3046 Unused Serialized files (Serialized files now loaded: 0)
Unloading 22 unused Assets / (56.1 KB). Loaded Objects now: 3508.
Memory consumption went from 107.3 MB to 107.3 MB.
Total: 2.881200 ms (FindLiveObjects: 0.224200 ms CreateObjectMapping: 0.076000 ms MarkObjects: 2.511600 ms  DeleteObjects: 0.068600 ms)

AssetImportParameters requested are different than current active one (requested -> active):
  custom:video-decoder-ogg-theora: a1e56fd34408186e4bbccfd4996cb3dc -> 
  custom:container-muxer-webm: aa71ff27fc2769a1b78a27578f13a17b -> 
  custom:container-demuxer-webm: 4f35f7cbe854078d1ac9338744f61a02 -> 
  custom:video-encoder-webm-vp8: eb34c28f22e8b96e1ab97ce403110664 -> 
  custom:video-codec-MediaFoundation-h265: 746d11721c4dcdbdad8f713fa42b33f4 -> 
  custom:audio-encoder-webm-vorbis: bf7c407c2cedff20999df2af8eb42d56 -> 
  custom:framework-win-MediaFoundation: 216162199b28c13a410421893ffa2e32 -> 
  custom:container-demuxer-ogg: 62fdf1f143b41e24485cea50d1cbac27 -> 
  custom:video-decoder-webm-vp8: 9c59270c3fd7afecdb556c50c9e8de78 -> 
  custom:audio-decoder-ogg-vorbis: bf7c407c2cedff20999df2af8eb42d56 -> 
========================================================================
Received Import Request.
  Time since last request: 8775.159464 seconds.
  path: Assets/Scenes
  artifactKey: Guid(6ea315d0fd7389c41b19996891e99ae3) Importer(815301076,1909f56bfc062723c751e8b465ee728b)
Start importing Assets/Scenes using Guid(6ea315d0fd7389c41b19996891e99ae3) Importer(815301076,1909f56bfc062723c751e8b465ee728b)  -> (artifact id: 'bc172811d573b296104adb4d2728db37') in 0.012234 seconds 
========================================================================
Received Import Request.
  Time since last request: 128.197110 seconds.
  path: Assets
  artifactKey: Guid(00000000000000001000000000000000) Importer(815301076,1909f56bfc062723c751e8b465ee728b)
Start importing Assets using Guid(00000000000000001000000000000000) Importer(815301076,1909f56bfc062723c751e8b465ee728b)  -> (artifact id: '79842766b460edbeab6a34051e857a80') in 0.011505 seconds 
========================================================================
Received Import Request.
  Time since last request: 12.192366 seconds.
  path: Assets/_Presentation
  artifactKey: Guid(39ffbad6d14f40a4fb4b1d6ccec263a5) Importer(815301076,1909f56bfc062723c751e8b465ee728b)
Start importing Assets/_Presentation using Guid(39ffbad6d14f40a4fb4b1d6ccec263a5) Importer(815301076,1909f56bfc062723c751e8b465ee728b)  -> (artifact id: 'eb96c020d0b2c8e089946e50e829d7d9') in 0.010434 seconds 
========================================================================
Received Import Request.
  Time since last request: 10.275524 seconds.
  path: Assets/_Source
  artifactKey: Guid(cc04f28fd3474314ba6890f28fa48b12) Importer(815301076,1909f56bfc062723c751e8b465ee728b)
Start importing Assets/_Source using Guid(cc04f28fd3474314ba6890f28fa48b12) Importer(815301076,1909f56bfc062723c751e8b465ee728b)  -> (artifact id: 'ab345638300fee0aff5e7b4d301add75') in 0.010108 seconds 
========================================================================
Received Import Request.
  Time since last request: 12.335186 seconds.
  path: Assets/Bootstrapper.cs
  artifactKey: Guid(374d996dc74005c4caeaaf49b6249f82) Importer(815301076,1909f56bfc062723c751e8b465ee728b)
Start importing Assets/Bootstrapper.cs using Guid(374d996dc74005c4caeaaf49b6249f82) Importer(815301076,1909f56bfc062723c751e8b465ee728b)  -> (artifact id: '1d5f0a4f67501476c58db86110efa197') in 0.033994 seconds 
========================================================================
Received Prepare
Registering precompiled user dll's ...
Registered in 0.004841 seconds.
Begin MonoManager ReloadAssembly
Symbol file LoadedFromMemory doesn't match image C:\Users\krasi\OneDrive\Документы\GitHub\UnityLabs\ClickerLab\Library\PackageCache\com.unity.visualscripting@1.8.0\Editor\VisualScripting.Core\Dependencies\YamlDotNet\Unity.VisualScripting.YamlDotNet.dll
Symbol file LoadedFromMemory doesn't match image C:\Users\krasi\OneDrive\Документы\GitHub\UnityLabs\ClickerLab\Library\PackageCache\com.unity.visualscripting@1.8.0\Editor\VisualScripting.Core\Dependencies\DotNetZip\Unity.VisualScripting.IonicZip.dll
Native extension for WindowsStandalone target not found
Native extension for WebGL target not found
Refreshing native plugins compatible for Editor in 0.49 ms, found 3 plugins.
Preloading 0 native plugins for Editor in 0.00 ms.
Mono: successfully reloaded assembly
- Completed reload, in  0.943 seconds
Domain Reload Profiling:
	ReloadAssembly (944ms)
		BeginReloadAssembly (150ms)
			ExecutionOrderSort (0ms)
			DisableScriptedObjects (6ms)
			BackupInstance (0ms)
			ReleaseScriptingObjects (0ms)
			CreateAndSetChildDomain (39ms)
		EndReloadAssembly (683ms)
			LoadAssemblies (88ms)
			RebuildTransferFunctionScriptingTraits (0ms)
			SetupTypeCache (270ms)
			ReleaseScriptCaches (1ms)
			RebuildScriptCaches (31ms)
			SetupLoadedEditorAssemblies (273ms)
				LogAssemblyErrors (0ms)
				InitializePlatformSupportModulesInManaged (6ms)
				SetLoadedEditorAssemblies (0ms)
				RefreshPlugins (1ms)
				BeforeProcessingInitializeOnLoad (55ms)
				ProcessInitializeOnLoadAttributes (187ms)
				ProcessInitializeOnLoadMethodAttributes (16ms)
				AfterProcessingInitializeOnLoad (8ms)
				EditorAssembliesLoaded (0ms)
			ExecutionOrderSort2 (0ms)
			AwakeInstancesAfterBackupRestoration (5ms)
Platform modules already initialized, skipping
Refreshing native plugins compatible for Editor in 1.42 ms, found 3 plugins.
Preloading 0 native plugins for Editor in 0.00 ms.
Unloading 3040 Unused Serialized files (Serialized files now loaded: 0)
Unloading 15 unused Assets / (24.7 KB). Loaded Objects now: 3512.
Memory consumption went from 107.1 MB to 107.0 MB.
Total: 2.482800 ms (FindLiveObjects: 0.189100 ms CreateObjectMapping: 0.138600 ms MarkObjects: 2.134500 ms  DeleteObjects: 0.020000 ms)

AssetImportParameters requested are different than current active one (requested -> active):
  custom:video-decoder-ogg-theora: a1e56fd34408186e4bbccfd4996cb3dc -> 
  custom:container-muxer-webm: aa71ff27fc2769a1b78a27578f13a17b -> 
  custom:container-demuxer-webm: 4f35f7cbe854078d1ac9338744f61a02 -> 
  custom:video-encoder-webm-vp8: eb34c28f22e8b96e1ab97ce403110664 -> 
  custom:video-codec-MediaFoundation-h265: 746d11721c4dcdbdad8f713fa42b33f4 -> 
  custom:audio-encoder-webm-vorbis: bf7c407c2cedff20999df2af8eb42d56 -> 
  custom:framework-win-MediaFoundation: 216162199b28c13a410421893ffa2e32 -> 
  custom:container-demuxer-ogg: 62fdf1f143b41e24485cea50d1cbac27 -> 
  custom:video-decoder-webm-vp8: 9c59270c3fd7afecdb556c50c9e8de78 -> 
  custom:audio-decoder-ogg-vorbis: bf7c407c2cedff20999df2af8eb42d56 -> 
========================================================================
Received Import Request.
  Time since last request: 23.049904 seconds.
  path: Assets/_Support
  artifactKey: Guid(4426ceca6c88b134f8472a828bee2994) Importer(815301076,1909f56bfc062723c751e8b465ee728b)
Start importing Assets/_Support using Guid(4426ceca6c88b134f8472a828bee2994) Importer(815301076,1909f56bfc062723c751e8b465ee728b)  -> (artifact id: '982aa337bdd37199ccdcc0e9953efdfb') in 0.014338 seconds 
========================================================================
Received Import Request.
  Time since last request: 130.306401 seconds.
  path: Assets/_Source/Core
  artifactKey: Guid(fbb2be9b37b6a9f4f90c46c986ce21eb) Importer(815301076,1909f56bfc062723c751e8b465ee728b)
Start importing Assets/_Source/Core using Guid(fbb2be9b37b6a9f4f90c46c986ce21eb) Importer(815301076,1909f56bfc062723c751e8b465ee728b)  -> (artifact id: 'd30276e3e6644e704b927d108a1dcbb3') in 0.012688 seconds 
========================================================================
Received Import Request.
  Time since last request: 7.129530 seconds.
  path: Assets/_Source/Core/Game.cs
  artifactKey: Guid(e937a7960cc939f41971395a226f0934) Importer(815301076,1909f56bfc062723c751e8b465ee728b)
Start importing Assets/_Source/Core/Game.cs using Guid(e937a7960cc939f41971395a226f0934) Importer(815301076,1909f56bfc062723c751e8b465ee728b)  -> (artifact id: 'd40a002e3f3857f09bf6e17f16b60cf1') in 0.010251 seconds 
========================================================================
Received Import Request.
  Time since last request: 76.833040 seconds.
  path: Assets/_Source/Core/Game.cs
  artifactKey: Guid(e937a7960cc939f41971395a226f0934) Importer(815301076,1909f56bfc062723c751e8b465ee728b)
Start importing Assets/_Source/Core/Game.cs using Guid(e937a7960cc939f41971395a226f0934) Importer(815301076,1909f56bfc062723c751e8b465ee728b)  -> (artifact id: '3da9750337aa26266970e28e16ca3793') in 0.002300 seconds 
========================================================================
Received Import Request.
  Time since last request: 40.127233 seconds.
  path: Assets/_Source/InputSystem
  artifactKey: Guid(33a49704eb217334cb420c1a23c3aa34) Importer(815301076,1909f56bfc062723c751e8b465ee728b)
Start importing Assets/_Source/InputSystem using Guid(33a49704eb217334cb420c1a23c3aa34) Importer(815301076,1909f56bfc062723c751e8b465ee728b)  -> (artifact id: '2c300a5348f071cff695fd93b290718a') in 0.009372 seconds 
========================================================================
Received Import Request.
  Time since last request: 11.664496 seconds.
  path: Assets/_Source/InputSystem/InputListener.cs
  artifactKey: Guid(473bbf045b6f69d4d908092d4f40d653) Importer(815301076,1909f56bfc062723c751e8b465ee728b)
Start importing Assets/_Source/InputSystem/InputListener.cs using Guid(473bbf045b6f69d4d908092d4f40d653) Importer(815301076,1909f56bfc062723c751e8b465ee728b)  -> (artifact id: 'ae1b305e1b530685257865b7a786e91a') in 0.010242 seconds 
========================================================================
Received Import Request.
  Time since last request: 95.520965 seconds.
  path: Assets/_Source/ScoreSytem
  artifactKey: Guid(85dfe61f3f1b07b4db5e47368c4b8538) Importer(815301076,1909f56bfc062723c751e8b465ee728b)
Start importing Assets/_Source/ScoreSytem using Guid(85dfe61f3f1b07b4db5e47368c4b8538) Importer(815301076,1909f56bfc062723c751e8b465ee728b)  -> (artifact id: 'ce270ff3790d50d91ec720bca310c67e') in 0.008870 seconds 
========================================================================
Received Import Request.
  Time since last request: 22.048867 seconds.
  path: Assets/_Source/ScoreSytem/Score.cs
  artifactKey: Guid(175268e2afcf11e42bc49a1629fe4d5f) Importer(815301076,1909f56bfc062723c751e8b465ee728b)
Start importing Assets/_Source/ScoreSytem/Score.cs using Guid(175268e2afcf11e42bc49a1629fe4d5f) Importer(815301076,1909f56bfc062723c751e8b465ee728b)  -> (artifact id: 'f14bca785fec5847bf1d52a442cb0767') in 0.008660 seconds 
========================================================================
Received Import Request.
  Time since last request: 166.101252 seconds.
  path: Assets/_Source/ScoreSytem/ScoreView.cs
  artifactKey: Guid(bc05a3594bcc58848b809eed5bfa4a37) Importer(815301076,1909f56bfc062723c751e8b465ee728b)
Start importing Assets/_Source/ScoreSytem/ScoreView.cs using Guid(bc05a3594bcc58848b809eed5bfa4a37) Importer(815301076,1909f56bfc062723c751e8b465ee728b)  -> (artifact id: '7ef9a4ed4f7b56d03f5310c2226cfa4c') in 0.008915 seconds 
========================================================================
Received Import Request.
  Time since last request: 25.955713 seconds.
  path: Assets/_Source/Core/Bootstrapper.cs
  artifactKey: Guid(374d996dc74005c4caeaaf49b6249f82) Importer(815301076,1909f56bfc062723c751e8b465ee728b)
Start importing Assets/_Source/Core/Bootstrapper.cs using Guid(374d996dc74005c4caeaaf49b6249f82) Importer(815301076,1909f56bfc062723c751e8b465ee728b)  -> (artifact id: 'af200e3f3bfbf2c95d8a98a4a454fc44') in 0.002324 seconds 
========================================================================
Received Import Request.
  Time since last request: 41.422004 seconds.
  path: Assets/_Source/ClickSystem
  artifactKey: Guid(79ec21c7654ec7d48a37307a0737d67f) Importer(815301076,1909f56bfc062723c751e8b465ee728b)
Start importing Assets/_Source/ClickSystem using Guid(79ec21c7654ec7d48a37307a0737d67f) Importer(815301076,1909f56bfc062723c751e8b465ee728b)  -> (artifact id: '5ab29f62b9c2b81e70ec4fed4190687f') in 0.008355 seconds 
========================================================================
Received Import Request.
  Time since last request: 10.235844 seconds.
  path: Assets/_Source/ClickSystem/New Folder
  artifactKey: Guid(3ce2752cc8dd62b49b459713a28a36e4) Importer(815301076,1909f56bfc062723c751e8b465ee728b)
Start importing Assets/_Source/ClickSystem/New Folder using Guid(3ce2752cc8dd62b49b459713a28a36e4) Importer(815301076,1909f56bfc062723c751e8b465ee728b)  -> (artifact id: 'e8ce54b73908946fac115c2cd7e12db5') in 0.009759 seconds 
========================================================================
Received Import Request.
  Time since last request: 18.298927 seconds.
  path: Assets/_Source/ClickSystem/ClickableComponent.cs
  artifactKey: Guid(b8841e50ee039dd48b1db94468358ed9) Importer(815301076,1909f56bfc062723c751e8b465ee728b)
Start importing Assets/_Source/ClickSystem/ClickableComponent.cs using Guid(b8841e50ee039dd48b1db94468358ed9) Importer(815301076,1909f56bfc062723c751e8b465ee728b)  -> (artifact id: 'c09cb09418f4c33ea64af37c1ac337f3') in 0.008327 seconds 
========================================================================
Received Import Request.
  Time since last request: 708.990637 seconds.
  path: Assets/_Source/ClickSystem/ClickableComponent.cs
  artifactKey: Guid(b8841e50ee039dd48b1db94468358ed9) Importer(815301076,1909f56bfc062723c751e8b465ee728b)
Start importing Assets/_Source/ClickSystem/ClickableComponent.cs using Guid(b8841e50ee039dd48b1db94468358ed9) Importer(815301076,1909f56bfc062723c751e8b465ee728b)  -> (artifact id: '8dd5c416c29b2afa695991d9f9c64945') in 0.002638 seconds 
========================================================================
Received Prepare
Registering precompiled user dll's ...
Registered in 0.005508 seconds.
Begin MonoManager ReloadAssembly
Symbol file LoadedFromMemory doesn't match image C:\Users\krasi\OneDrive\Документы\GitHub\UnityLabs\ClickerLab\Library\PackageCache\com.unity.visualscripting@1.8.0\Editor\VisualScripting.Core\Dependencies\YamlDotNet\Unity.VisualScripting.YamlDotNet.dll
Symbol file LoadedFromMemory doesn't match image C:\Users\krasi\OneDrive\Документы\GitHub\UnityLabs\ClickerLab\Library\PackageCache\com.unity.visualscripting@1.8.0\Editor\VisualScripting.Core\Dependencies\DotNetZip\Unity.VisualScripting.IonicZip.dll
Native extension for WindowsStandalone target not found
Native extension for WebGL target not found
Refreshing native plugins compatible for Editor in 0.83 ms, found 3 plugins.
Preloading 0 native plugins for Editor in 0.00 ms.
Mono: successfully reloaded assembly
- Completed reload, in  0.968 seconds
Domain Reload Profiling:
	ReloadAssembly (968ms)
		BeginReloadAssembly (158ms)
			ExecutionOrderSort (0ms)
			DisableScriptedObjects (5ms)
			BackupInstance (0ms)
			ReleaseScriptingObjects (0ms)
			CreateAndSetChildDomain (50ms)
		EndReloadAssembly (702ms)
			LoadAssemblies (91ms)
			RebuildTransferFunctionScriptingTraits (0ms)
			SetupTypeCache (263ms)
			ReleaseScriptCaches (2ms)
			RebuildScriptCaches (39ms)
			SetupLoadedEditorAssemblies (284ms)
				LogAssemblyErrors (0ms)
				InitializePlatformSupportModulesInManaged (8ms)
				SetLoadedEditorAssemblies (1ms)
				RefreshPlugins (1ms)
				BeforeProcessingInitializeOnLoad (61ms)
				ProcessInitializeOnLoadAttributes (191ms)
				ProcessInitializeOnLoadMethodAttributes (15ms)
				AfterProcessingInitializeOnLoad (7ms)
				EditorAssembliesLoaded (0ms)
			ExecutionOrderSort2 (0ms)
			AwakeInstancesAfterBackupRestoration (5ms)
Platform modules already initialized, skipping
Refreshing native plugins compatible for Editor in 1.44 ms, found 3 plugins.
Preloading 0 native plugins for Editor in 0.00 ms.
Unloading 3045 Unused Serialized files (Serialized files now loaded: 0)
Unloading 15 unused Assets / (24.7 KB). Loaded Objects now: 3520.
Memory consumption went from 107.2 MB to 107.2 MB.
Total: 2.822600 ms (FindLiveObjects: 0.231900 ms CreateObjectMapping: 0.172600 ms MarkObjects: 2.390300 ms  DeleteObjects: 0.027000 ms)

AssetImportParameters requested are different than current active one (requested -> active):
  custom:video-decoder-ogg-theora: a1e56fd34408186e4bbccfd4996cb3dc -> 
  custom:container-muxer-webm: aa71ff27fc2769a1b78a27578f13a17b -> 
  custom:container-demuxer-webm: 4f35f7cbe854078d1ac9338744f61a02 -> 
  custom:video-encoder-webm-vp8: eb34c28f22e8b96e1ab97ce403110664 -> 
  custom:video-codec-MediaFoundation-h265: 746d11721c4dcdbdad8f713fa42b33f4 -> 
  custom:audio-encoder-webm-vorbis: bf7c407c2cedff20999df2af8eb42d56 -> 
  custom:framework-win-MediaFoundation: 216162199b28c13a410421893ffa2e32 -> 
  custom:container-demuxer-ogg: 62fdf1f143b41e24485cea50d1cbac27 -> 
  custom:video-decoder-webm-vp8: 9c59270c3fd7afecdb556c50c9e8de78 -> 
  custom:audio-decoder-ogg-vorbis: bf7c407c2cedff20999df2af8eb42d56 -> 
